C51 COMPILER V9.60.0.0   INTERRUPTS                                                        08/09/2020 17:48:04 PAGE 1   


C51 COMPILER V9.60.0.0, COMPILATION OF MODULE INTERRUPTS
OBJECT MODULE PLACED IN .\src\Interrupts.OBJ
COMPILER INVOKED BY: c:\SiliconLabs\SimplicityStudio\v4\developer\toolchains\keil_8051\9.60\BIN\C51.exe C:\Users\acvig\S
                    -implicityStudio\v4_workspace\EFM8BB10F4G-A-QFN20\src\Interrupts.c OMF2 SMALL DEBUG OBJECTEXTEND ROM(LARGE) WARNINGLEVEL(
                    -2) FLOATFUZZY(3) OPTIMIZE(8,SPEED) INTVECTOR(0X0000) INTPROMOTE INCDIR(C:\Users\acvig\SimplicityStudio\v4_workspace\EFM8
                    -BB10F4G-A-QFN20\inc;C:/SiliconLabs/SimplicityStudio/v4/developer/sdks/8051/v4.1.7//Device/shared/si8051Base;C:/SiliconLa
                    -bs/SimplicityStudio/v4/developer/sdks/8051/v4.1.7//Device/EFM8BB1/inc) PRINT(.\src\Interrupts.lst) COND PAGEWIDTH(120) P
                    -AGELENGTH(65) OBJECT(.\src\Interrupts.OBJ)

line level    source

   1          //-----------------------------------------------------------------------------
   2          // UART0_ISR
   3          //-----------------------------------------------------------------------------
   4          //
   5          // UART0 ISR Content goes here. Remember to clear flag bits:
   6          // SCON0::RI (Receive Interrupt Flag)
   7          // SCON0::TI (Transmit Interrupt Flag)
   8          //
   9          //-----------------------------------------------------------------------------
  10          SI_INTERRUPT (UART0_ISR, UART0_IRQn)
  11          {
  12   1      
  13   1      }
  14          
*** WARNING C290 IN LINE 13 OF C:\Users\acvig\SimplicityStudio\v4_workspace\EFM8BB10F4G-A-QFN20\src\Interrupts.c: missin
             -g return value


MODULE INFORMATION:   STATIC OVERLAYABLE
   CODE SIZE        =      9    ----
   CONSTANT SIZE    =   ----    ----
   XDATA SIZE       =   ----    ----
   PDATA SIZE       =   ----    ----
   DATA SIZE        =   ----       4
   IDATA SIZE       =   ----    ----
   BIT SIZE         =   ----    ----
   EDATA SIZE       =   ----    ----
   HDATA SIZE       =   ----    ----
   XDATA CONST SIZE =   ----    ----
   FAR CONST SIZE   =   ----    ----
END OF MODULE INFORMATION.


C51 COMPILATION COMPLETE.  1 WARNING(S),  0 ERROR(S)
