C51 COMPILER V9.60.0.0   MAIN                                                              08/10/2020 22:25:33 PAGE 1   


C51 COMPILER V9.60.0.0, COMPILATION OF MODULE MAIN
OBJECT MODULE PLACED IN .\src\main.OBJ
COMPILER INVOKED BY: c:\SiliconLabs\SimplicityStudio\v4\developer\toolchains\keil_8051\9.60\BIN\C51.exe C:\Users\acvig\S
                    -implicityStudio\v4_workspace\KineticTiles\src\main.c OMF2 SMALL DEBUG OBJECTEXTEND ROM(LARGE) WARNINGLEVEL(2) FLOATFUZZY
                    -(3) OPTIMIZE(8,SPEED) INTVECTOR(0X0000) INTPROMOTE INCDIR(C:\Users\acvig\SimplicityStudio\v4_workspace\KineticTiles\inc;
                    -C:/SiliconLabs/SimplicityStudio/v4/developer/sdks/8051/v4.1.7//kits/common/drivers/efm8_retargetserial;C:/SiliconLabs/Si
                    -mplicityStudio/v4/developer/sdks/8051/v4.1.7//Device/shared/si8051Base;C:/SiliconLabs/SimplicityStudio/v4/developer/sdks
                    -/8051/v4.1.7//Device/EFM8BB1/inc) PRINT(.\src\main.lst) COND PAGEWIDTH(120) PAGELENGTH(65) OBJECT(.\src\main.OBJ)

line level    source

   1          /*
   2           * RGB Tile v1.4A code.
   3           * Copyright 2020
   4           * Written on: Aug 5, 2020
   5           * By: Aiden Vigue (acvig)
   6           */
   7          
   8          #include <SI_EFM8BB1_Register_Enums.h>
   9          #include <stdio.h>
  10          #include <stdlib.h>
  11          #include "InitDevice.h"
  12          #include "ws2812.h"
  13          
  14          SI_SBIT(DET_C, SFR_P0, 6);
  15          SI_SBIT(DET_A, SFR_P0, 1);
  16          SI_SBIT(DET_B, SFR_P1, 5);
  17          
  18          void SiLabs_Startup(void) {
  19   1      
  20   1      }
  21          
  22          char WriteChar(char c) {
  23   1          SBUF0 = c;
  24   1          SCON0_TI = 0;
  25   1          return c;
  26   1      }
  27          
  28          char ReadChar() {
  29   1          while (!SCON0_RI)
  30   1              ;
  31   1          SCON0_RI = 0;
  32   1          return SBUF0;
  33   1      }
  34          
  35          void UART_Send(char* *s) {
  36   1          int i;
  37   1          for (i = 0; i < 10; i++) {
  38   2              WriteChar(s[i]);
*** WARNING C214 IN LINE 38 OF C:\Users\acvig\SimplicityStudio\v4_workspace\KineticTiles\src\main.c: 'Argument': convers
             -ion: pointer to non-pointer
  39   2              ReadChar();
  40   2          }
  41   1      }
  42          
  43          void main(void) {
  44   1          uint8_t i = 0;
  45   1          unsigned long int *uuid_p;
  46   1          unsigned long int uuid;
  47   1          char * short_id = 0;
  48   1          char buf[2];
  49   1          int lastEdgeMask = 0;
C51 COMPILER V9.60.0.0   MAIN                                                              08/10/2020 22:25:33 PAGE 2   

  50   1          unsigned char xdata
  51   1          uuid_bytes[3], *bpos = uuid_bytes;
  52   1          char * xdata
  53   1          uart_buf[10];
  54   1          char * xdata
  55   1          uuid_str[8], *pos = uuid_str;
  56   1          uint8_t xdata
  57   1          receivedData[10] = {'\0'};
  58   1      
  59   1          uuid_p = 0xfc;
*** WARNING C196 IN LINE 59 OF C:\Users\acvig\SimplicityStudio\v4_workspace\KineticTiles\src\main.c: mspace probably inv
             -alid
  60   1          uuid = *uuid_p;
  61   1      
  62   1          //call
  63   1          enter_DefaultMode_from_RESET();
  64   1      
  65   1          IE_EA = 1;
  66   1          XBR2 |= 0x40; //set crossbar regs.
  67   1      
  68   1          LED_main(100, 100, 100);
  69   1      
  70   1          //Parse chip UUID into long ID (4 bytes)
  71   1          sprintf(uuid_str, "%lX", uuid);
*** WARNING C182 IN LINE 71 OF C:\Users\acvig\SimplicityStudio\v4_workspace\KineticTiles\src\main.c: pointer to differen
             -t objects
  72   1          buf[0] = *pos;
  73   1          if (buf[0] == 48) buf[0] = 49;
  74   1          pos++;
  75   1          buf[1] = *pos;
  76   1          pos++;
  77   1          *bpos = strtol(buf, NULL, 16);
  78   1          bpos++;
  79   1          buf[0] = *pos;
  80   1          if (buf[0] == 48) buf[0] = 49;
  81   1          pos++;
  82   1          buf[1] = *pos;
  83   1          pos++;
  84   1          *bpos = strtol(buf, NULL, 16);
  85   1          bpos++;
  86   1          buf[0] = *pos;
  87   1          if (buf[0] == 48) buf[0] = 49;
  88   1          pos++;
  89   1          buf[1] = *pos;
  90   1          pos++;
  91   1          *bpos = strtol(buf, NULL, 16);
  92   1          bpos++;
  93   1          buf[0] = *pos;
  94   1          if (buf[0] < 49) buf[0] = 50;
  95   1          pos++;
  96   1          buf[1] = *pos;
  97   1          pos++;
  98   1          *bpos = strtol(buf, NULL, 16);
  99   1      
 100   1          //Clear detect pins
 101   1          DET_A = 0;
 102   1          DET_B = 0;
 103   1          DET_C = 0;
 104   1          while (1) {
 105   2              receivedData[i] = ReadChar();
 106   2      
 107   2              if (receivedData[i] == '\n') {
 108   3      
C51 COMPILER V9.60.0.0   MAIN                                                              08/10/2020 22:25:33 PAGE 3   

 109   3                  //Assign short ID by long ID (0x01)
 110   3                  if (receivedData[0] == 0x01) {
 111   4                      //Is this tile the intended recipient?
 112   4                      if (receivedData[2] == uuid_bytes[0] && receivedData[3] == uuid_bytes[1] && receivedData[4
             -] == uuid_bytes[2]
 113   4                              && receivedData[5] == uuid_bytes[3]) {
 114   5                          short_id = (char *) receivedData[6];
 115   5                          uart_buf[0] = 0x80;
*** WARNING C196 IN LINE 115 OF C:\Users\acvig\SimplicityStudio\v4_workspace\KineticTiles\src\main.c: mspace probably in
             -valid
 116   5                          uart_buf[1] = 0x01;
*** WARNING C196 IN LINE 116 OF C:\Users\acvig\SimplicityStudio\v4_workspace\KineticTiles\src\main.c: mspace probably in
             -valid
 117   5                          uart_buf[2] = 0xA0;
*** WARNING C196 IN LINE 117 OF C:\Users\acvig\SimplicityStudio\v4_workspace\KineticTiles\src\main.c: mspace probably in
             -valid
 118   5                          UART_Send (uart_buf);
 119   5                      }
 120   4                  }
 121   3      
 122   3                  //Set edge pin (0x02)
 123   3                  if (receivedData[0] == 0x02) {
 124   4                      if (receivedData[1] == short_id || receivedData[1] == 0xFF) {
 125   5                          lastEdgeMask = (int *) receivedData[2];
*** WARNING C260 IN LINE 125 OF C:\Users\acvig\SimplicityStudio\v4_workspace\KineticTiles\src\main.c: '=': pointer trunc
             -ation
 126   5                          if (receivedData[2] & 0x01) {
 127   6                              //Turn A on
 128   6                              //0.1
 129   6                              P0MDOUT = P0MDOUT_B0__OPEN_DRAIN | P0MDOUT_B1__PUSH_PULL | P0MDOUT_B2__OPEN_DRAIN 
             -| P0MDOUT_B3__OPEN_DRAIN | P0MDOUT_B4__PUSH_PULL
 130   6                                      | P0MDOUT_B5__OPEN_DRAIN | P0MDOUT_B6__OPEN_DRAIN | P0MDOUT_B7__OPEN_DRAIN
             -;
 131   6                              DET_A = 1;
 132   6                          } else {
 133   6                              P0MDOUT = P0MDOUT_B0__OPEN_DRAIN | P0MDOUT_B1__OPEN_DRAIN | P0MDOUT_B2__OPEN_DRAIN
             - | P0MDOUT_B3__OPEN_DRAIN | P0MDOUT_B4__PUSH_PULL
 134   6                                      | P0MDOUT_B5__OPEN_DRAIN | P0MDOUT_B6__OPEN_DRAIN | P0MDOUT_B7__OPEN_DRAIN
             -;
 135   6                              DET_A = 0;
 136   6                          }
 137   5                          if (receivedData[2] & 0x02) {
 138   6                              //Turn B on
 139   6                              //1.5
 140   6                              P1MDOUT = P1MDOUT_B0__PUSH_PULL | P1MDOUT_B1__OPEN_DRAIN | P1MDOUT_B2__OPEN_DRAIN 
             -| P1MDOUT_B3__OPEN_DRAIN | P1MDOUT_B4__OPEN_DRAIN
 141   6                                      | P1MDOUT_B5__PUSH_PULL | P1MDOUT_B6__OPEN_DRAIN;
 142   6                              DET_B = 1;
 143   6                          } else {
 144   6                              P1MDOUT = P1MDOUT_B0__PUSH_PULL | P1MDOUT_B1__OPEN_DRAIN | P1MDOUT_B2__OPEN_DRAIN 
             -| P1MDOUT_B3__OPEN_DRAIN | P1MDOUT_B4__OPEN_DRAIN
 145   6                                      | P1MDOUT_B5__OPEN_DRAIN | P1MDOUT_B6__OPEN_DRAIN;
 146   6                              DET_B = 0;
 147   6                          }
 148   5                          if (receivedData[2] & 0x04) {
 149   6                              //Turn C on
 150   6                              //0.6
 151   6                              if (receivedData[2] & 0x01) {
 152   7                                  P0MDOUT = P0MDOUT_B0__OPEN_DRAIN | P0MDOUT_B1__PUSH_PULL | P0MDOUT_B2__OPEN_DR
             -AIN | P0MDOUT_B3__OPEN_DRAIN | P0MDOUT_B4__PUSH_PULL
 153   7                                          | P0MDOUT_B5__OPEN_DRAIN | P0MDOUT_B6__PUSH_PULL | P0MDOUT_B7__OPEN_DR
             -AIN;
 154   7                              } else {
C51 COMPILER V9.60.0.0   MAIN                                                              08/10/2020 22:25:33 PAGE 4   

 155   7                                  P0MDOUT = P0MDOUT_B0__OPEN_DRAIN | P0MDOUT_B1__OPEN_DRAIN | P0MDOUT_B2__OPEN_D
             -RAIN | P0MDOUT_B3__OPEN_DRAIN | P0MDOUT_B4__PUSH_PULL
 156   7                                          | P0MDOUT_B5__OPEN_DRAIN | P0MDOUT_B6__PUSH_PULL | P0MDOUT_B7__OPEN_DR
             -AIN;
 157   7                              }
 158   6                              DET_C = 1;
 159   6                          } else {
 160   6                              if (receivedData[2] & 0x01) {
 161   7                                  P0MDOUT = P0MDOUT_B0__OPEN_DRAIN | P0MDOUT_B1__PUSH_PULL | P0MDOUT_B2__OPEN_DR
             -AIN | P0MDOUT_B3__OPEN_DRAIN | P0MDOUT_B4__PUSH_PULL
 162   7                                          | P0MDOUT_B5__OPEN_DRAIN | P0MDOUT_B6__OPEN_DRAIN | P0MDOUT_B7__OPEN_D
             -RAIN;
 163   7                              } else {
 164   7                                  P0MDOUT = P0MDOUT_B0__OPEN_DRAIN | P0MDOUT_B1__OPEN_DRAIN | P0MDOUT_B2__OPEN_D
             -RAIN | P0MDOUT_B3__OPEN_DRAIN | P0MDOUT_B4__PUSH_PULL
 165   7                                          | P0MDOUT_B5__OPEN_DRAIN | P0MDOUT_B6__OPEN_DRAIN | P0MDOUT_B7__OPEN_D
             -RAIN;
 166   7                              }
 167   6                              DET_C = 0;
 168   6                          }
 169   5                          uart_buf[0] = 0x80;
*** WARNING C196 IN LINE 169 OF C:\Users\acvig\SimplicityStudio\v4_workspace\KineticTiles\src\main.c: mspace probably in
             -valid
 170   5                          uart_buf[1] = 0x02;
*** WARNING C196 IN LINE 170 OF C:\Users\acvig\SimplicityStudio\v4_workspace\KineticTiles\src\main.c: mspace probably in
             -valid
 171   5                          uart_buf[2] = 0xA0;
*** WARNING C196 IN LINE 171 OF C:\Users\acvig\SimplicityStudio\v4_workspace\KineticTiles\src\main.c: mspace probably in
             -valid
 172   5                          UART_Send (uart_buf);
 173   5                      }
 174   4                  }
 175   3      
 176   3                  //Read long ID if selected by EDGE pin (0x03)
 177   3                  if (receivedData[0] == 0x03) {
 178   4                      if (lastEdgeMask == 0 && short_id == 0) { //Don't read tile if pins were commanded to turn
             - on previously.
 179   5                      //If any EDGE pin high, return long id.
 180   5                          if (DET_A == 1 || DET_B == 1 || DET_C == 1) {
 181   6                              uart_buf[0] = 0x80;
*** WARNING C196 IN LINE 181 OF C:\Users\acvig\SimplicityStudio\v4_workspace\KineticTiles\src\main.c: mspace probably in
             -valid
 182   6                              uart_buf[1] = (char *) uuid_bytes[0];
 183   6                              uart_buf[2] = (char *) uuid_bytes[1];
 184   6                              uart_buf[3] = (char *) uuid_bytes[2];
 185   6                              uart_buf[4] = (char *) uuid_bytes[3];
 186   6                              uart_buf[5] = 0xA0; //null term
*** WARNING C196 IN LINE 186 OF C:\Users\acvig\SimplicityStudio\v4_workspace\KineticTiles\src\main.c: mspace probably in
             -valid
 187   6                              UART_Send (uart_buf);
 188   6                          }
 189   5                      }
 190   4                  }
 191   3      
 192   3                  //Set tile color (0x08)
 193   3                  if (receivedData[0] == 0x08) {
 194   4                      if (receivedData[1] == 0xFF || receivedData[1] == short_id) {
 195   5                          uart_buf[0] = 0x80;
*** WARNING C196 IN LINE 195 OF C:\Users\acvig\SimplicityStudio\v4_workspace\KineticTiles\src\main.c: mspace probably in
             -valid
 196   5                          uart_buf[1] = 0x08;
*** WARNING C196 IN LINE 196 OF C:\Users\acvig\SimplicityStudio\v4_workspace\KineticTiles\src\main.c: mspace probably in
             -valid
C51 COMPILER V9.60.0.0   MAIN                                                              08/10/2020 22:25:33 PAGE 5   

 197   5                          uart_buf[2] = 0xA0;
*** WARNING C196 IN LINE 197 OF C:\Users\acvig\SimplicityStudio\v4_workspace\KineticTiles\src\main.c: mspace probably in
             -valid
 198   5                          LED_main(receivedData[2], receivedData[3], receivedData[4]);
 199   5                          UART_Send (uart_buf);
 200   5                      }
 201   4                  }
 202   3      
 203   3                  //Call for unconfigured tiles (0x09)
 204   3                  if (receivedData[0] == 0x09) {
 205   4                      if (short_id == 0) {
 206   5                          uart_buf[0] = 0x80;
*** WARNING C196 IN LINE 206 OF C:\Users\acvig\SimplicityStudio\v4_workspace\KineticTiles\src\main.c: mspace probably in
             -valid
 207   5                          uart_buf[1] = 0x09;
*** WARNING C196 IN LINE 207 OF C:\Users\acvig\SimplicityStudio\v4_workspace\KineticTiles\src\main.c: mspace probably in
             -valid
 208   5                          uart_buf[2] = 0xA0;
*** WARNING C196 IN LINE 208 OF C:\Users\acvig\SimplicityStudio\v4_workspace\KineticTiles\src\main.c: mspace probably in
             -valid
 209   5                          UART_Send (uart_buf);
 210   5                      }
 211   4                  }
 212   3                  i = 0;
 213   3              } else {
 214   3                  i++;
 215   3              }
 216   2          }
 217   1      }


MODULE INFORMATION:   STATIC OVERLAYABLE
   CODE SIZE        =   1126    ----
   CONSTANT SIZE    =     14    ----
   XDATA SIZE       =   ----      73
   PDATA SIZE       =   ----    ----
   DATA SIZE        =   ----      15
   IDATA SIZE       =   ----    ----
   BIT SIZE         =   ----    ----
   EDATA SIZE       =   ----    ----
   HDATA SIZE       =   ----    ----
   XDATA CONST SIZE =   ----    ----
   FAR CONST SIZE   =   ----    ----
END OF MODULE INFORMATION.


C51 COMPILATION COMPLETE.  18 WARNING(S),  0 ERROR(S)
