C51 COMPILER V9.60.0.0   EFM8BB10F4G_A_QFN20_MAIN                                          08/09/2020 15:53:35 PAGE 1   


C51 COMPILER V9.60.0.0, COMPILATION OF MODULE EFM8BB10F4G_A_QFN20_MAIN
OBJECT MODULE PLACED IN .\src\EFM8BB10F4G-A-QFN20_main.OBJ
COMPILER INVOKED BY: c:\SiliconLabs\SimplicityStudio\v4\developer\toolchains\keil_8051\9.60\BIN\C51.exe C:\Users\acvig\S
                    -implicityStudio\v4_workspace\EFM8BB10F4G-A-QFN20\src\EFM8BB10F4G-A-QFN20_main.c OMF2 SMALL DEBUG OBJECTEXTEND ROM(LARGE)
                    - WARNINGLEVEL(2) FLOATFUZZY(3) OPTIMIZE(8,SPEED) INTVECTOR(0X0000) INTPROMOTE INCDIR(C:\Users\acvig\SimplicityStudio\v4_
                    -workspace\EFM8BB10F4G-A-QFN20\inc;C:/SiliconLabs/SimplicityStudio/v4/developer/sdks/8051/v4.1.7//Device/shared/si8051Bas
                    -e;C:/SiliconLabs/SimplicityStudio/v4/developer/sdks/8051/v4.1.7//Device/EFM8BB1/inc) REGFILE(EFM8BB10F4G-A-QFN20.ORC) PR
                    -INT(.\src\EFM8BB10F4G-A-QFN20_main.lst) COND PAGEWIDTH(120) PAGELENGTH(65) OBJECT(.\src\EFM8BB10F4G-A-QFN20_main.OBJ)

line level    source

   1          /*
   2           * RGB Tile v1.4A code.
   3           * Copyright 2020
   4           * Written on: Aug 5, 2020
   5           * By: Aiden Vigue (acvig)
   6           */
   7          
   8          //-----------------------------------------------------------------------------
   9          // Includes
  10          //-----------------------------------------------------------------------------
  11          #include <SI_EFM8BB1_Register_Enums.h>                  // SFR declarations
  12          #include <stdio.h>
  13          #include <stdlib.h>
  14          #define F_CPU   24500000
  15          #include "InitDevice.h"
  16          #include "ws2812.h"
  17          #include "uart.h"
*** WARNING C235 IN LINE 207 OF C:\Users\acvig\SimplicityStudio\v4_workspace\EFM8BB10F4G-A-QFN20\src\uart.h: parameter 1
             -: different types
*** WARNING C260 IN LINE 247 OF C:\Users\acvig\SimplicityStudio\v4_workspace\EFM8BB10F4G-A-QFN20\src\uart.h: '=': pointe
             -r truncation
*** WARNING C182 IN LINE 265 OF C:\Users\acvig\SimplicityStudio\v4_workspace\EFM8BB10F4G-A-QFN20\src\uart.h: pointer to 
             -different objects
  18          
  19          // $[Generated Includes]
  20          // [Generated Includes]$
  21          
  22          #define BAUD_RATE                       19200
  23          #define RECEIVED_DATA_ARRAY_SIZE        10 // size of array where to store the incoming data
  24          
  25          SI_SBIT(DET_C, SFR_P0, 6);
  26          SI_SBIT(DET_A, SFR_P0, 1);
  27          SI_SBIT(DET_B, SFR_P1, 5);
  28          
  29          //-----------------------------------------------------------------------------
  30          // SiLabs_Startup() Routine
  31          // ----------------------------------------------------------------------------
  32          // This function is called immediately after reset, before the initialization
  33          // code is run in SILABS_STARTUP.A51 (which runs before main() ). This is a
  34          // useful place to disable the watchdog timer, which is enable by default
  35          // and may trigger before main() in some instances.
  36          //-----------------------------------------------------------------------------
  37          void SiLabs_Startup(void) {
  38   1          // $[SiLabs Startup]
  39   1          // [SiLabs Startup]$
  40   1      }
  41          
  42          //-----------------------------------------------------------------------------
  43          // main() Routine
  44          // ----------------------------------------------------------------------------
  45          void main(void) {
C51 COMPILER V9.60.0.0   EFM8BB10F4G_A_QFN20_MAIN                                          08/09/2020 15:53:35 PAGE 2   

  46   1          //declare all vars at top because compiled asm can't declare later in time; also ws2812 code uses bare
             - assembly and declaring later will cause heap crash :(
  47   1          uint8_t i = 0;
  48   1          unsigned long int *uuid_p;
  49   1          unsigned long int uuid;
  50   1          char * short_id = 0;
  51   1          char buf[2];
  52   1          int * lastEdgeMask = 0;
  53   1          unsigned char xdata
  54   1          uuid_bytes[3], *bpos = uuid_bytes;
  55   1          char * xdata
  56   1          uart_buf[10];
  57   1          char * xdata
  58   1          uuid_str[8], *pos = uuid_str;
  59   1          uint8_t xdata
  60   1          receivedData[RECEIVED_DATA_ARRAY_SIZE] = {'\0'};
  61   1      
  62   1          uuid_p = 0xfc;
*** WARNING C196 IN LINE 62 OF C:\Users\acvig\SimplicityStudio\v4_workspace\EFM8BB10F4G-A-QFN20\src\EFM8BB10F4G-A-QFN20_
             -main.c: mspace probably invalid
  63   1          uuid = *uuid_p;
  64   1      
  65   1          //call
  66   1          enter_DefaultMode_from_RESET();
  67   1      
  68   1          IE_EA = 1;
  69   1          XBR2 |= 0x40; //set crossbar regs.
  70   1      
  71   1          UART_Begin(115200);
  72   1          LED_main(0x44, 0x44, 0x33);
  73   1      
  74   1          //Parse chip UUID into long ID (4 bytes)
  75   1          sprintf(uuid_str, "%lX", uuid);
*** WARNING C182 IN LINE 75 OF C:\Users\acvig\SimplicityStudio\v4_workspace\EFM8BB10F4G-A-QFN20\src\EFM8BB10F4G-A-QFN20_
             -main.c: pointer to different objects
  76   1          buf[0] = *pos;
  77   1          if (buf[0] == 48) buf[0] = 49;
  78   1          pos++;
  79   1          buf[1] = *pos;
  80   1          pos++;
  81   1          *bpos = strtol(buf, NULL, 16);
  82   1          bpos++;
  83   1          buf[0] = *pos;
  84   1          if (buf[0] == 48) buf[0] = 49;
  85   1          pos++;
  86   1          buf[1] = *pos;
  87   1          pos++;
  88   1          *bpos = strtol(buf, NULL, 16);
  89   1          bpos++;
  90   1          buf[0] = *pos;
  91   1          if (buf[0] == 48) buf[0] = 49;
  92   1          pos++;
  93   1          buf[1] = *pos;
  94   1          pos++;
  95   1          *bpos = strtol(buf, NULL, 16);
  96   1          bpos++;
  97   1          buf[0] = *pos;
  98   1          if (buf[0] < 49) buf[0] = 50;
  99   1          pos++;
 100   1          buf[1] = *pos;
 101   1          pos++;
 102   1          *bpos = strtol(buf, NULL, 16);
 103   1      
C51 COMPILER V9.60.0.0   EFM8BB10F4G_A_QFN20_MAIN                                          08/09/2020 15:53:35 PAGE 3   

 104   1          //Clear detect pins
 105   1          DET_A = 0;
 106   1          DET_B = 0;
 107   1          DET_C = 0;
 108   1      
 109   1          while (1) {
 110   2              if (UART_Available(false)) {
 111   3                  receivedData[i] = UART_ReadByte();
 112   3                  if (receivedData[i] == '\n') {
 113   4      
 114   4                      //Assign short ID by long ID (0x01)
 115   4                      if (receivedData[0] == 0x01) {
 116   5                          //Is this tile the intended recipient?
 117   5                          if (receivedData[2] == uuid_bytes[0] && receivedData[3] == uuid_bytes[1] && receivedDa
             -ta[4] == uuid_bytes[2]) {
 118   6                              short_id = (char *) receivedData[6];
 119   6                              uart_buf[0] = 0x80;
*** WARNING C196 IN LINE 119 OF C:\Users\acvig\SimplicityStudio\v4_workspace\EFM8BB10F4G-A-QFN20\src\EFM8BB10F4G-A-QFN20
             -_main.c: mspace probably invalid
 120   6                              uart_buf[1] = 0;
 121   6                              uart_buf[2] = 0;
 122   6                              uart_buf[3] = 0x0A; //null term
*** WARNING C196 IN LINE 122 OF C:\Users\acvig\SimplicityStudio\v4_workspace\EFM8BB10F4G-A-QFN20\src\EFM8BB10F4G-A-QFN20
             -_main.c: mspace probably invalid
 123   6                              UART_Send (uart_buf);
 124   6                          }
 125   5                      }
 126   4      
 127   4                      //Set edge pin (0x02)
 128   4                      if (receivedData[0] == 0x02) {
 129   5                          if (receivedData[1] == short_id || receivedData[1] == 0xFF) {
 130   6                              lastEdgeMask = (int *) receivedData[2];
 131   6                              if (receivedData[2] & 0x01) {
 132   7                                  //Turn A on
 133   7                                  DET_A = 1;
 134   7                              } else {
 135   7                                  DET_A = 0;
 136   7                              }
 137   6                              if (receivedData[2] & 0x02) {
 138   7                                  //Turn B on
 139   7                                  DET_B = 1;
 140   7                              } else {
 141   7                                  DET_B = 0;
 142   7                              }
 143   6                              if (receivedData[2] & 0x04) {
 144   7                                  //Turn C on
 145   7                                  DET_C = 1;
 146   7                              } else {
 147   7                                  DET_C = 0;
 148   7                              }
 149   6                              uart_buf[0] = 0x80;
*** WARNING C196 IN LINE 149 OF C:\Users\acvig\SimplicityStudio\v4_workspace\EFM8BB10F4G-A-QFN20\src\EFM8BB10F4G-A-QFN20
             -_main.c: mspace probably invalid
 150   6                              uart_buf[1] = 0;
 151   6                              uart_buf[2] = 0;
 152   6                              uart_buf[3] = 0x0A; //null term
*** WARNING C196 IN LINE 152 OF C:\Users\acvig\SimplicityStudio\v4_workspace\EFM8BB10F4G-A-QFN20\src\EFM8BB10F4G-A-QFN20
             -_main.c: mspace probably invalid
 153   6                              UART_Send (uart_buf);
 154   6                          }
 155   5                      }
 156   4      
 157   4                      //Read long ID if selected by EDGE pin (0x03)
C51 COMPILER V9.60.0.0   EFM8BB10F4G_A_QFN20_MAIN                                          08/09/2020 15:53:35 PAGE 4   

 158   4                      if (receivedData[0] == 0x03) {
 159   5                          if (lastEdgeMask == 0) { //Don't read tile if pins were commanded to turn on previousl
             -y.
 160   6                              //If any EDGE pin high, return long id.
 161   6                              if (DET_A == 1 || DET_B == 1 || DET_C == 1) {
 162   7                                  uart_buf[0] = 0x80;
*** WARNING C196 IN LINE 162 OF C:\Users\acvig\SimplicityStudio\v4_workspace\EFM8BB10F4G-A-QFN20\src\EFM8BB10F4G-A-QFN20
             -_main.c: mspace probably invalid
 163   7                                  uart_buf[1] = (char *) uuid_bytes[0];
 164   7                                  uart_buf[2] = (char *) uuid_bytes[1];
 165   7                                  uart_buf[3] = (char *) uuid_bytes[2];
 166   7                                  uart_buf[4] = (char *) uuid_bytes[3];
 167   7                                  uart_buf[5] = 0x0A; //null term
*** WARNING C196 IN LINE 167 OF C:\Users\acvig\SimplicityStudio\v4_workspace\EFM8BB10F4G-A-QFN20\src\EFM8BB10F4G-A-QFN20
             -_main.c: mspace probably invalid
 168   7                                  UART_Send (uart_buf);
 169   7                              }
 170   6                          }
 171   5                      }
 172   4      
 173   4                      //Set tile color (0x08)
 174   4                      if (receivedData[0] == 0x08) {
 175   5                          if (receivedData[1] == 0xFF || receivedData[1] == short_id) {
 176   6                              uart_buf[0] = 0x80;
*** WARNING C196 IN LINE 176 OF C:\Users\acvig\SimplicityStudio\v4_workspace\EFM8BB10F4G-A-QFN20\src\EFM8BB10F4G-A-QFN20
             -_main.c: mspace probably invalid
 177   6                              uart_buf[1] = 0;
 178   6                              uart_buf[2] = 0;
 179   6                              uart_buf[3] = 0x0A; //null term
*** WARNING C196 IN LINE 179 OF C:\Users\acvig\SimplicityStudio\v4_workspace\EFM8BB10F4G-A-QFN20\src\EFM8BB10F4G-A-QFN20
             -_main.c: mspace probably invalid
 180   6                              UART_Send (uart_buf);
 181   6                              LED_main(receivedData[2], receivedData[3], receivedData[4]);
 182   6                          }
 183   5                      }
 184   4      
 185   4                      //Call for unconfigured tiles (0x09)
 186   4                      if (receivedData[0] == 0x09) {
 187   5                          if (short_id == 0) {
 188   6                              uart_buf[0] = 0x80;
*** WARNING C196 IN LINE 188 OF C:\Users\acvig\SimplicityStudio\v4_workspace\EFM8BB10F4G-A-QFN20\src\EFM8BB10F4G-A-QFN20
             -_main.c: mspace probably invalid
 189   6                              uart_buf[1] = 0;
 190   6                              uart_buf[2] = 0;
 191   6                              uart_buf[3] = 0x0A; //null term
*** WARNING C196 IN LINE 191 OF C:\Users\acvig\SimplicityStudio\v4_workspace\EFM8BB10F4G-A-QFN20\src\EFM8BB10F4G-A-QFN20
             -_main.c: mspace probably invalid
 192   6                              UART_Send (uart_buf);
 193   6                          }
 194   5                      }
 195   4                      i = 0;
 196   4                  } else {
 197   4                      i++;
 198   4                  }
 199   3              }
 200   2          }
 201   1      }


MODULE INFORMATION:   STATIC OVERLAYABLE
   CODE SIZE        =   1495    ----
   CONSTANT SIZE    =     14    ----
   XDATA SIZE       =    120      75
C51 COMPILER V9.60.0.0   EFM8BB10F4G_A_QFN20_MAIN                                          08/09/2020 15:53:35 PAGE 5   

   PDATA SIZE       =   ----    ----
   DATA SIZE        =      5      20
   IDATA SIZE       =   ----    ----
   BIT SIZE         =      4       1
   EDATA SIZE       =   ----    ----
   HDATA SIZE       =   ----    ----
   XDATA CONST SIZE =   ----    ----
   FAR CONST SIZE   =   ----    ----
END OF MODULE INFORMATION.


C51 COMPILATION COMPLETE.  15 WARNING(S),  0 ERROR(S)
